TN:
SF:/Users/riyasrivastava/Downloads/quinora-frontend-afterZuulChanges/src/components/addCredentials.vue
FN:98,(anonymous_1)
FN:106,(anonymous_2)
FN:108,(anonymous_3)
FN:112,(anonymous_4)
FN:134,(anonymous_5)
FN:138,(anonymous_7)
FN:149,(anonymous_8)
FNF:7
FNH:5
FNDA:1,(anonymous_1)
FNDA:1,(anonymous_2)
FNDA:121,(anonymous_3)
FNDA:1,(anonymous_4)
FNDA:0,(anonymous_5)
FNDA:1,(anonymous_7)
FNDA:0,(anonymous_8)
DA:96,1
DA:99,1
DA:107,1
DA:108,122
DA:113,1
DA:134,1
DA:139,1
DA:145,0
DA:146,0
DA:147,0
DA:150,0
DA:156,0
DA:157,0
DA:158,0
DA:159,0
LF:15
LH:7
BRF:0
BRH:0
end_of_record
TN:
SF:/Users/riyasrivastava/Downloads/quinora-frontend-afterZuulChanges/src/components/commentComponentHome.vue
FN:31,(anonymous_1)
FN:37,(anonymous_2)
FNF:2
FNH:2
FNDA:1,(anonymous_1)
FNDA:1,(anonymous_2)
DA:32,1
DA:38,1
LF:2
LH:2
BRF:0
BRH:0
end_of_record
TN:
SF:/Users/riyasrivastava/Downloads/quinora-frontend-afterZuulChanges/src/components/commentsInputWidget.vue
FN:14,(anonymous_1)
FN:24,(anonymous_2)
FN:28,(anonymous_3)
FN:34,(anonymous_4)
FN:40,(anonymous_5)
FNF:5
FNH:3
FNDA:2,(anonymous_1)
FNDA:1,(anonymous_2)
FNDA:0,(anonymous_3)
FNDA:1,(anonymous_4)
FNDA:0,(anonymous_5)
DA:15,2
DA:25,1
DA:26,1
DA:27,1
DA:28,1
DA:29,0
DA:31,1
DA:35,1
DA:36,1
DA:40,1
DA:41,0
DA:43,1
LF:12
LH:10
BRDA:26,0,0,1
BRDA:26,0,1,0
BRDA:26,1,0,1
BRDA:26,1,1,1
BRF:4
BRH:3
end_of_record
TN:
SF:/Users/riyasrivastava/Downloads/quinora-frontend-afterZuulChanges/src/components/footComponentQAHome.vue
FN:22,(anonymous_1)
FN:36,(anonymous_2)
FN:43,(anonymous_3)
FN:49,(anonymous_4)
FN:53,(anonymous_5)
FN:59,(anonymous_6)
FNF:6
FNH:4
FNDA:1,(anonymous_1)
FNDA:2,(anonymous_2)
FNDA:2,(anonymous_3)
FNDA:0,(anonymous_4)
FNDA:2,(anonymous_5)
FNDA:0,(anonymous_6)
DA:14,1
DA:15,1
DA:23,1
DA:37,2
DA:38,1
DA:40,1
DA:44,2
DA:48,2
DA:49,2
DA:50,0
DA:54,2
DA:58,2
DA:59,2
DA:60,0
LF:14
LH:12
BRDA:37,0,0,1
BRDA:37,0,1,1
BRF:2
BRH:2
end_of_record
TN:
SF:/Users/riyasrivastava/Downloads/quinora-frontend-afterZuulChanges/src/components/headComponentAnswer.vue
FN:14,(anonymous_1)
FN:20,(anonymous_2)
FNF:2
FNH:2
FNDA:2,(anonymous_1)
FNDA:2,(anonymous_2)
DA:15,2
DA:21,2
DA:22,2
LF:3
LH:3
BRF:0
BRH:0
end_of_record
TN:
SF:/Users/riyasrivastava/Downloads/quinora-frontend-afterZuulChanges/src/components/headComponentQAHome.vue
FN:14,(anonymous_1)
FN:20,(anonymous_2)
FNF:2
FNH:2
FNDA:2,(anonymous_1)
FNDA:2,(anonymous_2)
DA:15,2
DA:21,2
DA:22,2
DA:23,2
LF:4
LH:4
BRF:0
BRH:0
end_of_record
TN:
SF:/Users/riyasrivastava/Downloads/quinora-frontend-afterZuulChanges/src/components/inputWidget.vue
FN:26,(anonymous_1)
FN:33,(anonymous_2)
FN:37,(anonymous_3)
FN:43,(anonymous_4)
FN:50,(anonymous_5)
FN:59,(anonymous_6)
FN:64,(anonymous_7)
FNF:7
FNH:4
FNDA:3,(anonymous_1)
FNDA:1,(anonymous_2)
FNDA:0,(anonymous_3)
FNDA:4,(anonymous_4)
FNDA:2,(anonymous_5)
FNDA:0,(anonymous_6)
FNDA:0,(anonymous_7)
DA:27,3
DA:34,1
DA:35,1
DA:36,1
DA:37,1
DA:38,0
DA:40,1
DA:44,4
DA:45,2
DA:46,2
DA:48,2
DA:51,2
DA:52,1
DA:57,1
DA:58,1
DA:59,1
DA:60,0
DA:61,0
DA:64,1
DA:65,0
DA:66,0
LF:21
LH:16
BRDA:35,0,0,1
BRDA:35,0,1,0
BRDA:35,1,0,1
BRDA:35,1,1,1
BRDA:44,2,0,2
BRDA:44,2,1,2
BRDA:51,3,0,1
BRDA:51,3,1,1
BRF:8
BRH:7
end_of_record
TN:
SF:/Users/riyasrivastava/Downloads/quinora-frontend-afterZuulChanges/src/components/navbar.vue
FN:41,(anonymous_1)
FN:50,(anonymous_2)
FN:54,(anonymous_3)
FN:58,(anonymous_4)
FNF:4
FNH:4
FNDA:1,(anonymous_1)
FNDA:1,(anonymous_2)
FNDA:1,(anonymous_3)
FNDA:2,(anonymous_4)
DA:42,1
DA:51,1
DA:52,1
DA:55,1
DA:56,1
DA:59,2
DA:60,0
DA:61,0
DA:62,0
DA:63,2
DA:64,1
DA:65,1
DA:66,1
DA:67,1
DA:68,1
DA:69,1
DA:70,1
LF:17
LH:14
BRDA:59,0,0,0
BRDA:59,0,1,2
BRDA:63,1,0,1
BRDA:63,1,1,1
BRDA:67,2,0,1
BRDA:67,2,1,0
BRF:6
BRH:4
end_of_record
TN:
SF:/Users/riyasrivastava/Downloads/quinora-frontend-afterZuulChanges/src/components/questionComponentHome.vue
FN:46,(anonymous_1)
FNF:1
FNH:1
FNDA:1,(anonymous_1)
DA:47,1
LF:1
LH:1
BRF:0
BRH:0
end_of_record
TN:
SF:/Users/riyasrivastava/Downloads/quinora-frontend-afterZuulChanges/src/components/questionComponentSearch.vue
FN:45,(anonymous_1)
FNF:1
FNH:1
FNDA:1,(anonymous_1)
DA:46,1
LF:1
LH:1
BRF:0
BRH:0
end_of_record
TN:
SF:/Users/riyasrivastava/Downloads/quinora-frontend-afterZuulChanges/src/components/questionsInputWidget.vue
FN:47,(anonymous_1)
FN:56,(anonymous_2)
FN:60,(anonymous_3)
FN:66,(anonymous_4)
FN:77,(anonymous_5)
FN:85,(anonymous_6)
FN:93,(anonymous_7)
FNF:7
FNH:4
FNDA:4,(anonymous_1)
FNDA:1,(anonymous_2)
FNDA:0,(anonymous_3)
FNDA:6,(anonymous_4)
FNDA:3,(anonymous_5)
FNDA:0,(anonymous_6)
FNDA:0,(anonymous_7)
DA:48,4
DA:57,1
DA:58,1
DA:59,1
DA:60,1
DA:61,0
DA:63,1
DA:67,6
DA:68,2
DA:69,2
DA:71,4
DA:72,2
DA:73,2
DA:75,2
DA:78,3
DA:79,1
DA:85,1
DA:86,0
DA:88,1
DA:89,1
DA:90,1
DA:91,1
DA:93,2
DA:94,0
LF:24
LH:21
BRDA:58,0,0,1
BRDA:58,0,1,0
BRDA:58,1,0,1
BRDA:58,1,1,1
BRDA:67,2,0,2
BRDA:67,2,1,4
BRDA:71,3,0,2
BRDA:71,3,1,2
BRDA:78,4,0,1
BRDA:78,4,1,2
BRF:10
BRH:9
end_of_record
TN:
SF:/Users/riyasrivastava/Downloads/quinora-frontend-afterZuulChanges/src/components/showProfile.vue
FN:16,(anonymous_1)
FN:23,(anonymous_2)
FN:26,(anonymous_3)
FNF:3
FNH:2
FNDA:1,(anonymous_1)
FNDA:1,(anonymous_2)
FNDA:0,(anonymous_3)
DA:17,1
DA:24,1
DA:25,1
DA:26,1
DA:27,0
DA:28,0
DA:29,0
LF:7
LH:4
BRF:0
BRH:0
end_of_record
TN:
SF:/Users/riyasrivastava/Downloads/quinora-frontend-afterZuulChanges/src/components/sidebar.vue
FN:33,(anonymous_1)
FN:39,(anonymous_2)
FN:50,(anonymous_3)
FNF:3
FNH:3
FNDA:1,(anonymous_1)
FNDA:1,(anonymous_2)
FNDA:1,(anonymous_3)
DA:30,1
DA:34,1
DA:40,1
DA:41,1
DA:44,1
DA:51,1
LF:6
LH:6
BRF:0
BRH:0
end_of_record
TN:
SF:/Users/riyasrivastava/Downloads/quinora-frontend-afterZuulChanges/src/components/tabs.vue
FN:140,(anonymous_1)
FN:154,(anonymous_2)
FN:157,(anonymous_3)
FN:169,(anonymous_4)
FN:182,(anonymous_5)
FN:196,(anonymous_6)
FNF:6
FNH:4
FNDA:1,(anonymous_1)
FNDA:1,(anonymous_2)
FNDA:1,(anonymous_3)
FNDA:2,(anonymous_4)
FNDA:0,(anonymous_5)
FNDA:0,(anonymous_6)
DA:137,1
DA:138,1
DA:141,1
DA:155,1
DA:158,1
DA:167,1
DA:170,2
DA:171,2
DA:172,2
DA:173,0
DA:175,0
DA:177,0
DA:178,0
DA:179,0
DA:180,0
DA:183,0
DA:184,0
DA:185,0
DA:186,0
DA:187,0
DA:189,0
DA:191,0
DA:192,0
DA:193,0
DA:194,0
DA:197,0
DA:198,0
DA:199,0
DA:200,0
DA:201,0
DA:203,0
DA:205,0
DA:206,0
DA:207,0
DA:208,0
LF:35
LH:9
BRDA:172,0,0,0
BRDA:172,0,1,0
BRDA:186,1,0,0
BRDA:186,1,1,0
BRDA:200,2,0,0
BRDA:200,2,1,0
BRF:6
BRH:0
end_of_record
TN:
SF:/Users/riyasrivastava/Downloads/quinora-frontend-afterZuulChanges/src/components/userComponentSearch.vue
FN:19,(anonymous_1)
FN:55,(anonymous_2)
FNF:2
FNH:2
FNDA:1,(anonymous_1)
FNDA:2,(anonymous_2)
DA:20,1
DA:56,2
DA:57,2
LF:3
LH:3
BRF:0
BRH:0
end_of_record
